Using pre-set license
Built from '2021.1/staging' branch; Version is '2021.1.7f1 (d91830b65d9b) revision 14227504'; Using compiler version '192528614'; Build Type 'Release'
OS: 'Windows 8.1  (6.3.0) 64bit' Language: 'pl' Physical Memory: 6087 MB
BatchMode: 1, IsHumanControllingUs: 0, StartBugReporterOnCrash: 0, Is64bit: 1, IsPro: 0

 COMMAND LINE ARGUMENTS:
C:\Program Files\Unity\Hub\Editor\2021.1.7f1\Editor\Unity.exe
-adb2
-batchMode
-noUpm
-name
AssetImportWorker0
-projectPath
C:/Users/Jakub/Documents/UnityProjects/Match3Project
-logFile
Logs/AssetImportWorker0.log
-srvPort
49268
Successfully changed project path to: C:/Users/Jakub/Documents/UnityProjects/Match3Project
C:/Users/Jakub/Documents/UnityProjects/Match3Project
Using Asset Import Pipeline V2.
Refreshing native plugins compatible for Editor in 161.70 ms, found 2 plugins.
Preloading 0 native plugins for Editor in 0.00 ms.
Initialize engine version: 2021.1.7f1 (d91830b65d9b)
[Subsystems] Discovering subsystems at path C:/Program Files/Unity/Hub/Editor/2021.1.7f1/Editor/Data/Resources/UnitySubsystems
[Subsystems] Discovering subsystems at path C:/Users/Jakub/Documents/UnityProjects/Match3Project/Assets
GfxDevice: creating device client; threaded=0; jobified=0
d3d11: QueryInterface(IDXGIFactory5) failed (80004002).
Direct3D:
    Version:  Direct3D 11.0 [level 10.1]
    Renderer: Intel(R) HD Graphics 3000 (ID=0x126)
    Vendor:   Intel
    VRAM:     1015 MB
    Driver:   9.17.10.3347
Initialize mono
Mono path[0] = 'C:/Program Files/Unity/Hub/Editor/2021.1.7f1/Editor/Data/Managed'
Mono path[1] = 'C:/Program Files/Unity/Hub/Editor/2021.1.7f1/Editor/Data/MonoBleedingEdge/lib/mono/unityjit'
Mono config path = 'C:/Program Files/Unity/Hub/Editor/2021.1.7f1/Editor/Data/MonoBleedingEdge/etc'
Using monoOptions --debugger-agent=transport=dt_socket,embedding=1,server=y,suspend=n,address=127.0.0.1:56660
Begin MonoManager ReloadAssembly
Registering precompiled unity dll's ...
Register platform support module: C:/Program Files/Unity/Hub/Editor/2021.1.7f1/Editor/Data/PlaybackEngines/WindowsStandaloneSupport/UnityEditor.WindowsStandalone.Extensions.dll
Registered in 0.001615 seconds.
Native extension for WindowsStandalone target not found
Refreshing native plugins compatible for Editor in 169.09 ms, found 2 plugins.
Preloading 0 native plugins for Editor in 0.00 ms.
Mono: successfully reloaded assembly
- Completed reload, in  2.863 seconds
Platform modules already initialized, skipping
Registering precompiled user dll's ...
Registered in 0.004158 seconds.
Begin MonoManager ReloadAssembly
Symbol file LoadedFromMemory doesn't match image C:\Users\Jakub\Documents\UnityProjects\Match3Project\Library\PackageCache\com.unity.visualscripting@1.6.1\Editor\VisualScripting.Core\Dependencies\YamlDotNet\Unity.VisualScripting.YamlDotNet.dll
Symbol file LoadedFromMemory doesn't match image C:\Users\Jakub\Documents\UnityProjects\Match3Project\Library\PackageCache\com.unity.visualscripting@1.6.1\Editor\VisualScripting.Core\Dependencies\DotNetZip\Unity.VisualScripting.IonicZip.dll
Native extension for WindowsStandalone target not found
Refreshing native plugins compatible for Editor in 156.11 ms, found 2 plugins.
Preloading 0 native plugins for Editor in 0.00 ms.
Mono: successfully reloaded assembly
- Completed reload, in  1.766 seconds
Platform modules already initialized, skipping
========================================================================
Worker process is ready to serve import requests
Launched and connected shader compiler UnityShaderCompiler.exe after 0.02 seconds
Refreshing native plugins compatible for Editor in 1.08 ms, found 2 plugins.
Preloading 0 native plugins for Editor in 0.00 ms.
Unloading 3390 Unused Serialized files (Serialized files now loaded: 0)
System memory in use before: 128.6 MB.
System memory in use after: 128.7 MB.

Unloading 30 unused Assets to reduce memory usage. Loaded Objects now: 3848.
Total: 3.899630 ms (FindLiveObjects: 0.333351 ms CreateObjectMapping: 0.162981 ms MarkObjects: 3.124138 ms  DeleteObjects: 0.276287 ms)

========================================================================
Received Import Request.
  path: Assets/Scripts/GridManager.cs
  artifactKey: Guid(fa1a59bba8aca164f8b38fb0e775ff9b) Importer(815301076,1909f56bfc062723c751e8b465ee728b)
Start importing Assets/Scripts/GridManager.cs using Guid(fa1a59bba8aca164f8b38fb0e775ff9b) Importer(815301076,1909f56bfc062723c751e8b465ee728b)  -> (artifact id: '1e7aef5757d974896b97865fdd5c918f') in 0.336294 seconds 
========================================================================
Received Import Request.
  Time since last request: 0.000388 seconds.
  path: Assets/Scripts/DirectionEnum.cs
  artifactKey: Guid(dce1a4670e8f19444a446b2fc50ce71f) Importer(815301076,1909f56bfc062723c751e8b465ee728b)
Start importing Assets/Scripts/DirectionEnum.cs using Guid(dce1a4670e8f19444a446b2fc50ce71f) Importer(815301076,1909f56bfc062723c751e8b465ee728b)  -> (artifact id: '0d6baded62814cdab1444a9d6faca5b8') in 0.030530 seconds 
========================================================================
Received Import Request.
  Time since last request: 0.000385 seconds.
  path: Assets/Scripts/GridController.cs
  artifactKey: Guid(32817b5a5a53ad0478b49a1ca7b8b8ce) Importer(815301076,1909f56bfc062723c751e8b465ee728b)
Start importing Assets/Scripts/GridController.cs using Guid(32817b5a5a53ad0478b49a1ca7b8b8ce) Importer(815301076,1909f56bfc062723c751e8b465ee728b)  -> (artifact id: '0aedbd1e5c5c341bed568e046c080336') in 0.043905 seconds 
========================================================================
Received Import Request.
  Time since last request: 0.000398 seconds.
  path: Assets/Scripts/GameEvents.cs
  artifactKey: Guid(6f4ec708cfd7a5440a8249f4ef1cfd90) Importer(815301076,1909f56bfc062723c751e8b465ee728b)
Start importing Assets/Scripts/GameEvents.cs using Guid(6f4ec708cfd7a5440a8249f4ef1cfd90) Importer(815301076,1909f56bfc062723c751e8b465ee728b)  -> (artifact id: '9a37dc0eec2bdc46971b42f6fd54ac43') in 0.031328 seconds 
========================================================================
Received Import Request.
  Time since last request: 818.806561 seconds.
  path: Assets/Scripts/TileEffect.cs
  artifactKey: Guid(fc0686e9b7762be47bc4e87300527a03) Importer(815301076,1909f56bfc062723c751e8b465ee728b)
Start importing Assets/Scripts/TileEffect.cs using Guid(fc0686e9b7762be47bc4e87300527a03) Importer(815301076,1909f56bfc062723c751e8b465ee728b)  -> (artifact id: '4c54da20729547bcdbbb2b2f962aba43') in 0.016230 seconds 
========================================================================
Received Prepare
Registering precompiled user dll's ...
Registered in 0.006802 seconds.
Begin MonoManager ReloadAssembly
Symbol file LoadedFromMemory doesn't match image C:\Users\Jakub\Documents\UnityProjects\Match3Project\Library\PackageCache\com.unity.visualscripting@1.6.1\Editor\VisualScripting.Core\Dependencies\YamlDotNet\Unity.VisualScripting.YamlDotNet.dll
Symbol file LoadedFromMemory doesn't match image C:\Users\Jakub\Documents\UnityProjects\Match3Project\Library\PackageCache\com.unity.visualscripting@1.6.1\Editor\VisualScripting.Core\Dependencies\DotNetZip\Unity.VisualScripting.IonicZip.dll
Native extension for WindowsStandalone target not found
Refreshing native plugins compatible for Editor in 1.05 ms, found 2 plugins.
Preloading 0 native plugins for Editor in 0.00 ms.
Mono: successfully reloaded assembly
- Completed reload, in  1.807 seconds
Platform modules already initialized, skipping
Refreshing native plugins compatible for Editor in 1.08 ms, found 2 plugins.
Preloading 0 native plugins for Editor in 0.00 ms.
Unloading 3386 Unused Serialized files (Serialized files now loaded: 0)
System memory in use before: 128.6 MB.
System memory in use after: 128.7 MB.

Unloading 18 unused Assets to reduce memory usage. Loaded Objects now: 3853.
Total: 3.627038 ms (FindLiveObjects: 0.349772 ms CreateObjectMapping: 0.181044 ms MarkObjects: 2.932010 ms  DeleteObjects: 0.161749 ms)

========================================================================
Received Import Request.
  Time since last request: 33.459341 seconds.
  path: Assets/Scripts/Tile.cs
  artifactKey: Guid(b25c9c45908979049bbced1eb1017188) Importer(815301076,1909f56bfc062723c751e8b465ee728b)
Start importing Assets/Scripts/Tile.cs using Guid(b25c9c45908979049bbced1eb1017188) Importer(815301076,1909f56bfc062723c751e8b465ee728b)  -> (artifact id: 'b2de266574e09e2c003a3e07b2272378') in 0.087873 seconds 
========================================================================
Received Import Request.
  Time since last request: 8.448572 seconds.
  path: Assets/Scripts/ITileEffect.cs
  artifactKey: Guid(fc0686e9b7762be47bc4e87300527a03) Importer(815301076,1909f56bfc062723c751e8b465ee728b)
Start importing Assets/Scripts/ITileEffect.cs using Guid(fc0686e9b7762be47bc4e87300527a03) Importer(815301076,1909f56bfc062723c751e8b465ee728b)  -> (artifact id: 'cb022228b704b7d9ee7ad974c1cd200d') in 0.034800 seconds 
========================================================================
Received Prepare
Registering precompiled user dll's ...
Registered in 0.006687 seconds.
Begin MonoManager ReloadAssembly
Symbol file LoadedFromMemory doesn't match image C:\Users\Jakub\Documents\UnityProjects\Match3Project\Library\PackageCache\com.unity.visualscripting@1.6.1\Editor\VisualScripting.Core\Dependencies\YamlDotNet\Unity.VisualScripting.YamlDotNet.dll
Symbol file LoadedFromMemory doesn't match image C:\Users\Jakub\Documents\UnityProjects\Match3Project\Library\PackageCache\com.unity.visualscripting@1.6.1\Editor\VisualScripting.Core\Dependencies\DotNetZip\Unity.VisualScripting.IonicZip.dll
Native extension for WindowsStandalone target not found
Refreshing native plugins compatible for Editor in 1.11 ms, found 2 plugins.
Preloading 0 native plugins for Editor in 0.00 ms.
Mono: successfully reloaded assembly
- Completed reload, in  1.777 seconds
Platform modules already initialized, skipping
Refreshing native plugins compatible for Editor in 1.09 ms, found 2 plugins.
Preloading 0 native plugins for Editor in 0.00 ms.
Unloading 3386 Unused Serialized files (Serialized files now loaded: 0)
System memory in use before: 128.6 MB.
System memory in use after: 128.7 MB.

Unloading 18 unused Assets to reduce memory usage. Loaded Objects now: 3857.
Total: 3.599943 ms (FindLiveObjects: 0.332119 ms CreateObjectMapping: 0.170781 ms MarkObjects: 2.948020 ms  DeleteObjects: 0.146559 ms)

========================================================================
Received Prepare
Registering precompiled user dll's ...
Registered in 0.006589 seconds.
Begin MonoManager ReloadAssembly
Symbol file LoadedFromMemory doesn't match image C:\Users\Jakub\Documents\UnityProjects\Match3Project\Library\PackageCache\com.unity.visualscripting@1.6.1\Editor\VisualScripting.Core\Dependencies\YamlDotNet\Unity.VisualScripting.YamlDotNet.dll
Symbol file LoadedFromMemory doesn't match image C:\Users\Jakub\Documents\UnityProjects\Match3Project\Library\PackageCache\com.unity.visualscripting@1.6.1\Editor\VisualScripting.Core\Dependencies\DotNetZip\Unity.VisualScripting.IonicZip.dll
Native extension for WindowsStandalone target not found
Refreshing native plugins compatible for Editor in 1.06 ms, found 2 plugins.
Preloading 0 native plugins for Editor in 0.00 ms.
Mono: successfully reloaded assembly
- Completed reload, in  1.826 seconds
Platform modules already initialized, skipping
Refreshing native plugins compatible for Editor in 1.56 ms, found 2 plugins.
Preloading 0 native plugins for Editor in 0.00 ms.
Unloading 3386 Unused Serialized files (Serialized files now loaded: 0)
System memory in use before: 128.7 MB.
System memory in use after: 128.8 MB.

Unloading 18 unused Assets to reduce memory usage. Loaded Objects now: 3861.
Total: 7.401456 ms (FindLiveObjects: 0.644123 ms CreateObjectMapping: 0.456099 ms MarkObjects: 5.873051 ms  DeleteObjects: 0.421615 ms)

========================================================================
Received Import Request.
  Time since last request: 92.061519 seconds.
  path: Assets/Scripts/ITileEffect.cs
  artifactKey: Guid(fc0686e9b7762be47bc4e87300527a03) Importer(815301076,1909f56bfc062723c751e8b465ee728b)
Start importing Assets/Scripts/ITileEffect.cs using Guid(fc0686e9b7762be47bc4e87300527a03) Importer(815301076,1909f56bfc062723c751e8b465ee728b)  -> (artifact id: '7ee393ee41e43a15192514d065f299fa') in 0.011719 seconds 
========================================================================
Received Import Request.
  Time since last request: 76.340909 seconds.
  path: Assets/Scripts/TileEffectTakeAllById.cs
  artifactKey: Guid(b7c0928cd191c914e9c8545c94ec3085) Importer(815301076,1909f56bfc062723c751e8b465ee728b)
Start importing Assets/Scripts/TileEffectTakeAllById.cs using Guid(b7c0928cd191c914e9c8545c94ec3085) Importer(815301076,1909f56bfc062723c751e8b465ee728b)  -> (artifact id: '408433d297cc61c9be335a36709fe1af') in 0.017239 seconds 
========================================================================
Received Prepare
Registering precompiled user dll's ...
Registered in 0.006643 seconds.
Begin MonoManager ReloadAssembly
Symbol file LoadedFromMemory doesn't match image C:\Users\Jakub\Documents\UnityProjects\Match3Project\Library\PackageCache\com.unity.visualscripting@1.6.1\Editor\VisualScripting.Core\Dependencies\YamlDotNet\Unity.VisualScripting.YamlDotNet.dll
Symbol file LoadedFromMemory doesn't match image C:\Users\Jakub\Documents\UnityProjects\Match3Project\Library\PackageCache\com.unity.visualscripting@1.6.1\Editor\VisualScripting.Core\Dependencies\DotNetZip\Unity.VisualScripting.IonicZip.dll
Native extension for WindowsStandalone target not found
Refreshing native plugins compatible for Editor in 1.05 ms, found 2 plugins.
Preloading 0 native plugins for Editor in 0.00 ms.
Mono: successfully reloaded assembly
- Completed reload, in  1.845 seconds
Platform modules already initialized, skipping
Refreshing native plugins compatible for Editor in 1.13 ms, found 2 plugins.
Preloading 0 native plugins for Editor in 0.00 ms.
Unloading 3387 Unused Serialized files (Serialized files now loaded: 0)
System memory in use before: 128.7 MB.
System memory in use after: 128.8 MB.

Unloading 18 unused Assets to reduce memory usage. Loaded Objects now: 3866.
Total: 3.870072 ms (FindLiveObjects: 0.335404 ms CreateObjectMapping: 0.194181 ms MarkObjects: 3.187770 ms  DeleteObjects: 0.150254 ms)

========================================================================
Received Import Request.
  Time since last request: 20.383197 seconds.
  path: Assets/Scripts/TileEffectTakeAroundTakeAround.cs
  artifactKey: Guid(ab2b50972a1c41e41bda7f6912a3410b) Importer(815301076,1909f56bfc062723c751e8b465ee728b)
Start importing Assets/Scripts/TileEffectTakeAroundTakeAround.cs using Guid(ab2b50972a1c41e41bda7f6912a3410b) Importer(815301076,1909f56bfc062723c751e8b465ee728b)  -> (artifact id: 'd92641372b3bffdff1c30a76295bdd96') in 0.061362 seconds 
========================================================================
Received Prepare
Registering precompiled user dll's ...
Registered in 0.006806 seconds.
Begin MonoManager ReloadAssembly
Symbol file LoadedFromMemory doesn't match image C:\Users\Jakub\Documents\UnityProjects\Match3Project\Library\PackageCache\com.unity.visualscripting@1.6.1\Editor\VisualScripting.Core\Dependencies\YamlDotNet\Unity.VisualScripting.YamlDotNet.dll
Symbol file LoadedFromMemory doesn't match image C:\Users\Jakub\Documents\UnityProjects\Match3Project\Library\PackageCache\com.unity.visualscripting@1.6.1\Editor\VisualScripting.Core\Dependencies\DotNetZip\Unity.VisualScripting.IonicZip.dll
Native extension for WindowsStandalone target not found
Refreshing native plugins compatible for Editor in 1.41 ms, found 2 plugins.
Preloading 0 native plugins for Editor in 0.00 ms.
Mono: successfully reloaded assembly
- Completed reload, in  1.700 seconds
Platform modules already initialized, skipping
Refreshing native plugins compatible for Editor in 1.14 ms, found 2 plugins.
Preloading 0 native plugins for Editor in 0.00 ms.
Unloading 3388 Unused Serialized files (Serialized files now loaded: 0)
System memory in use before: 128.7 MB.
System memory in use after: 128.8 MB.

Unloading 18 unused Assets to reduce memory usage. Loaded Objects now: 3871.
Total: 4.075748 ms (FindLiveObjects: 0.366604 ms CreateObjectMapping: 0.220455 ms MarkObjects: 3.320782 ms  DeleteObjects: 0.165854 ms)

========================================================================
Received Prepare
Registering precompiled user dll's ...
Registered in 0.004386 seconds.
Begin MonoManager ReloadAssembly
Symbol file LoadedFromMemory doesn't match image C:\Users\Jakub\Documents\UnityProjects\Match3Project\Library\PackageCache\com.unity.visualscripting@1.6.1\Editor\VisualScripting.Core\Dependencies\YamlDotNet\Unity.VisualScripting.YamlDotNet.dll
Symbol file LoadedFromMemory doesn't match image C:\Users\Jakub\Documents\UnityProjects\Match3Project\Library\PackageCache\com.unity.visualscripting@1.6.1\Editor\VisualScripting.Core\Dependencies\DotNetZip\Unity.VisualScripting.IonicZip.dll
Native extension for WindowsStandalone target not found
Refreshing native plugins compatible for Editor in 1.11 ms, found 2 plugins.
Preloading 0 native plugins for Editor in 0.00 ms.
Mono: successfully reloaded assembly
- Completed reload, in  1.807 seconds
Platform modules already initialized, skipping
Refreshing native plugins compatible for Editor in 1.14 ms, found 2 plugins.
Preloading 0 native plugins for Editor in 0.00 ms.
Unloading 3388 Unused Serialized files (Serialized files now loaded: 0)
System memory in use before: 128.8 MB.
System memory in use after: 128.9 MB.

Unloading 18 unused Assets to reduce memory usage. Loaded Objects now: 3875.
Total: 6.347214 ms (FindLiveObjects: 0.463900 ms CreateObjectMapping: 0.385488 ms MarkObjects: 5.241244 ms  DeleteObjects: 0.252476 ms)

========================================================================
Received Import Request.
  Time since last request: 93.095168 seconds.
  path: Assets/Scripts/TileEffectTakeAroundTakeAround.cs
  artifactKey: Guid(ab2b50972a1c41e41bda7f6912a3410b) Importer(815301076,1909f56bfc062723c751e8b465ee728b)
Start importing Assets/Scripts/TileEffectTakeAroundTakeAround.cs using Guid(ab2b50972a1c41e41bda7f6912a3410b) Importer(815301076,1909f56bfc062723c751e8b465ee728b)  -> (artifact id: 'eb981090725d1a926ad7ba081660bc53') in 0.013068 seconds 
========================================================================
Received Import Request.
  Time since last request: 10.624629 seconds.
  path: Assets/Scripts/TileEffectFactory.cs
  artifactKey: Guid(31181158baefe294bb1b75f7eaf4ae97) Importer(815301076,1909f56bfc062723c751e8b465ee728b)
Start importing Assets/Scripts/TileEffectFactory.cs using Guid(31181158baefe294bb1b75f7eaf4ae97) Importer(815301076,1909f56bfc062723c751e8b465ee728b)  -> (artifact id: '1a3f7befb411927b821eda913858ee50') in 0.020802 seconds 
========================================================================
Received Prepare
Registering precompiled user dll's ...
Registered in 0.007719 seconds.
Begin MonoManager ReloadAssembly
Symbol file LoadedFromMemory doesn't match image C:\Users\Jakub\Documents\UnityProjects\Match3Project\Library\PackageCache\com.unity.visualscripting@1.6.1\Editor\VisualScripting.Core\Dependencies\YamlDotNet\Unity.VisualScripting.YamlDotNet.dll
Symbol file LoadedFromMemory doesn't match image C:\Users\Jakub\Documents\UnityProjects\Match3Project\Library\PackageCache\com.unity.visualscripting@1.6.1\Editor\VisualScripting.Core\Dependencies\DotNetZip\Unity.VisualScripting.IonicZip.dll
Native extension for WindowsStandalone target not found
Refreshing native plugins compatible for Editor in 1.06 ms, found 2 plugins.
Preloading 0 native plugins for Editor in 0.00 ms.
Mono: successfully reloaded assembly
- Completed reload, in  1.797 seconds
Platform modules already initialized, skipping
Refreshing native plugins compatible for Editor in 1.30 ms, found 2 plugins.
Preloading 0 native plugins for Editor in 0.00 ms.
Unloading 3389 Unused Serialized files (Serialized files now loaded: 0)
System memory in use before: 128.8 MB.
System memory in use after: 128.9 MB.

Unloading 18 unused Assets to reduce memory usage. Loaded Objects now: 3880.
Total: 3.731723 ms (FindLiveObjects: 0.346077 ms CreateObjectMapping: 0.191718 ms MarkObjects: 3.032590 ms  DeleteObjects: 0.156823 ms)

========================================================================
Received Import Request.
  Time since last request: 186.864233 seconds.
  path: Assets/Scripts/TileEffectFactory.cs
  artifactKey: Guid(31181158baefe294bb1b75f7eaf4ae97) Importer(815301076,1909f56bfc062723c751e8b465ee728b)
Start importing Assets/Scripts/TileEffectFactory.cs using Guid(31181158baefe294bb1b75f7eaf4ae97) Importer(815301076,1909f56bfc062723c751e8b465ee728b)  -> (artifact id: '8f7f23bc7fb954061f574ee6b621d849') in 0.019102 seconds 
========================================================================
Received Import Request.
  Time since last request: 1.050386 seconds.
  path: Assets/Scripts/TileEffectTakeAllById.cs
  artifactKey: Guid(b7c0928cd191c914e9c8545c94ec3085) Importer(815301076,1909f56bfc062723c751e8b465ee728b)
Start importing Assets/Scripts/TileEffectTakeAllById.cs using Guid(b7c0928cd191c914e9c8545c94ec3085) Importer(815301076,1909f56bfc062723c751e8b465ee728b)  -> (artifact id: 'e7d6814c614b531ac8ab0327b73fec93') in 0.015028 seconds 
========================================================================
Received Import Request.
  Time since last request: 10.562068 seconds.
  path: Assets/Scripts/TileEffectTakeAround.cs
  artifactKey: Guid(ab2b50972a1c41e41bda7f6912a3410b) Importer(815301076,1909f56bfc062723c751e8b465ee728b)
Start importing Assets/Scripts/TileEffectTakeAround.cs using Guid(ab2b50972a1c41e41bda7f6912a3410b) Importer(815301076,1909f56bfc062723c751e8b465ee728b)  -> (artifact id: '36ef6cfacde765407f8abfb916e5270a') in 0.006111 seconds 
========================================================================
Received Prepare
Registering precompiled user dll's ...
Registered in 0.004615 seconds.
Begin MonoManager ReloadAssembly
Symbol file LoadedFromMemory doesn't match image C:\Users\Jakub\Documents\UnityProjects\Match3Project\Library\PackageCache\com.unity.visualscripting@1.6.1\Editor\VisualScripting.Core\Dependencies\YamlDotNet\Unity.VisualScripting.YamlDotNet.dll
Symbol file LoadedFromMemory doesn't match image C:\Users\Jakub\Documents\UnityProjects\Match3Project\Library\PackageCache\com.unity.visualscripting@1.6.1\Editor\VisualScripting.Core\Dependencies\DotNetZip\Unity.VisualScripting.IonicZip.dll
Native extension for WindowsStandalone target not found
Refreshing native plugins compatible for Editor in 1.06 ms, found 2 plugins.
Preloading 0 native plugins for Editor in 0.00 ms.
Mono: successfully reloaded assembly
- Completed reload, in  1.910 seconds
Platform modules already initialized, skipping
Refreshing native plugins compatible for Editor in 1.65 ms, found 2 plugins.
Preloading 0 native plugins for Editor in 0.00 ms.
Unloading 3389 Unused Serialized files (Serialized files now loaded: 0)
System memory in use before: 128.8 MB.
System memory in use after: 128.9 MB.

Unloading 18 unused Assets to reduce memory usage. Loaded Objects now: 3884.
Total: 7.311140 ms (FindLiveObjects: 0.486889 ms CreateObjectMapping: 0.445426 ms MarkObjects: 6.121422 ms  DeleteObjects: 0.254118 ms)

========================================================================
Received Import Request.
  Time since last request: 138.141311 seconds.
  path: Assets/ScriptableObjects/Gems/GemTakeAround.asset
  artifactKey: Guid(095763e59e5d1ed459a802aae554b0e0) Importer(815301076,1909f56bfc062723c751e8b465ee728b)
Start importing Assets/ScriptableObjects/Gems/GemTakeAround.asset using Guid(095763e59e5d1ed459a802aae554b0e0) Importer(815301076,1909f56bfc062723c751e8b465ee728b)  -> (artifact id: '9d1b1a0bce89da8c30fc06901984d756') in 0.041610 seconds 
========================================================================
Received Import Request.
  Time since last request: 6.289678 seconds.
  path: Assets/Images/gemAll1.png
  artifactKey: Guid(fc3a62e000e8b1e4990aa8e4e509fb05) Importer(815301076,1909f56bfc062723c751e8b465ee728b)
Start importing Assets/Images/gemAll1.png using Guid(fc3a62e000e8b1e4990aa8e4e509fb05) Importer(815301076,1909f56bfc062723c751e8b465ee728b)  -> (artifact id: '75016e93080302993613cebcfe419448') in 0.944268 seconds 
========================================================================
Received Import Request.
  Time since last request: 0.001414 seconds.
  path: Assets/Images/gemAll2.png
  artifactKey: Guid(85c1423621f5a0d44bdf86f44a0308ed) Importer(815301076,1909f56bfc062723c751e8b465ee728b)
Start importing Assets/Images/gemAll2.png using Guid(85c1423621f5a0d44bdf86f44a0308ed) Importer(815301076,1909f56bfc062723c751e8b465ee728b)  -> (artifact id: '0f391f28151561eaa2a4e583586ea825') in 0.027133 seconds 
========================================================================
Received Import Request.
  Time since last request: 17.624172 seconds.
  path: Assets/ScriptableObjects/Gems/GemTakeAround.asset
  artifactKey: Guid(095763e59e5d1ed459a802aae554b0e0) Importer(815301076,1909f56bfc062723c751e8b465ee728b)
Start importing Assets/ScriptableObjects/Gems/GemTakeAround.asset using Guid(095763e59e5d1ed459a802aae554b0e0) Importer(815301076,1909f56bfc062723c751e8b465ee728b)  -> (artifact id: '41f8a2a2f83b24ccfdb75329f340f58c') in 0.006123 seconds 
========================================================================
Received Prepare
Registering precompiled user dll's ...
Registered in 0.005840 seconds.
Begin MonoManager ReloadAssembly
Symbol file LoadedFromMemory doesn't match image C:\Users\Jakub\Documents\UnityProjects\Match3Project\Library\PackageCache\com.unity.visualscripting@1.6.1\Editor\VisualScripting.Core\Dependencies\YamlDotNet\Unity.VisualScripting.YamlDotNet.dll
Symbol file LoadedFromMemory doesn't match image C:\Users\Jakub\Documents\UnityProjects\Match3Project\Library\PackageCache\com.unity.visualscripting@1.6.1\Editor\VisualScripting.Core\Dependencies\DotNetZip\Unity.VisualScripting.IonicZip.dll
Native extension for WindowsStandalone target not found
Refreshing native plugins compatible for Editor in 1.09 ms, found 2 plugins.
Preloading 0 native plugins for Editor in 0.00 ms.
Mono: successfully reloaded assembly
- Completed reload, in  1.998 seconds
Platform modules already initialized, skipping
Refreshing native plugins compatible for Editor in 1.66 ms, found 2 plugins.
Preloading 0 native plugins for Editor in 0.00 ms.
Unloading 3391 Unused Serialized files (Serialized files now loaded: 0)
System memory in use before: 133.4 MB.
System memory in use after: 133.5 MB.

Unloading 19 unused Assets to reduce memory usage. Loaded Objects now: 3924.
Total: 8.828050 ms (FindLiveObjects: 0.786166 ms CreateObjectMapping: 0.393699 ms MarkObjects: 7.292666 ms  DeleteObjects: 0.353056 ms)

========================================================================
Received Prepare
Registering precompiled user dll's ...
Registered in 0.008137 seconds.
Begin MonoManager ReloadAssembly
Symbol file LoadedFromMemory doesn't match image C:\Users\Jakub\Documents\UnityProjects\Match3Project\Library\PackageCache\com.unity.visualscripting@1.6.1\Editor\VisualScripting.Core\Dependencies\YamlDotNet\Unity.VisualScripting.YamlDotNet.dll
Symbol file LoadedFromMemory doesn't match image C:\Users\Jakub\Documents\UnityProjects\Match3Project\Library\PackageCache\com.unity.visualscripting@1.6.1\Editor\VisualScripting.Core\Dependencies\DotNetZip\Unity.VisualScripting.IonicZip.dll
Native extension for WindowsStandalone target not found
Refreshing native plugins compatible for Editor in 1.60 ms, found 2 plugins.
Preloading 0 native plugins for Editor in 0.00 ms.
Mono: successfully reloaded assembly
- Completed reload, in  2.421 seconds
Platform modules already initialized, skipping
Refreshing native plugins compatible for Editor in 1.51 ms, found 2 plugins.
Preloading 0 native plugins for Editor in 0.00 ms.
Unloading 3389 Unused Serialized files (Serialized files now loaded: 0)
System memory in use before: 133.3 MB.
System memory in use after: 133.4 MB.

Unloading 18 unused Assets to reduce memory usage. Loaded Objects now: 3928.
Total: 6.546321 ms (FindLiveObjects: 0.626470 ms CreateObjectMapping: 0.490584 ms MarkObjects: 5.198549 ms  DeleteObjects: 0.227434 ms)

========================================================================
Received Import Request.
  Time since last request: 1708.508154 seconds.
  path: Assets/Plugins
  artifactKey: Guid(5da3427edd0505143b3a853f6b258a5c) Importer(815301076,1909f56bfc062723c751e8b465ee728b)
Start importing Assets/Plugins using Guid(5da3427edd0505143b3a853f6b258a5c) Importer(815301076,1909f56bfc062723c751e8b465ee728b)  -> (artifact id: '4220ccfaada451761a268ed34e82509c') in 0.021816 seconds 
========================================================================
Received Import Request.
  Time since last request: 10.426140 seconds.
  path: Assets/ScriptableObjects/Gems/GemTakeAround.asset
  artifactKey: Guid(095763e59e5d1ed459a802aae554b0e0) Importer(815301076,1909f56bfc062723c751e8b465ee728b)
Start importing Assets/ScriptableObjects/Gems/GemTakeAround.asset using Guid(095763e59e5d1ed459a802aae554b0e0) Importer(815301076,1909f56bfc062723c751e8b465ee728b)  -> (artifact id: '557c5e0958283a6fe7e034c6107a3fdc') in 0.023321 seconds 
========================================================================
Received Prepare
Registering precompiled user dll's ...
Registered in 0.004477 seconds.
Begin MonoManager ReloadAssembly
Symbol file LoadedFromMemory doesn't match image C:\Users\Jakub\Documents\UnityProjects\Match3Project\Library\PackageCache\com.unity.visualscripting@1.6.1\Editor\VisualScripting.Core\Dependencies\YamlDotNet\Unity.VisualScripting.YamlDotNet.dll
Symbol file LoadedFromMemory doesn't match image C:\Users\Jakub\Documents\UnityProjects\Match3Project\Library\PackageCache\com.unity.visualscripting@1.6.1\Editor\VisualScripting.Core\Dependencies\DotNetZip\Unity.VisualScripting.IonicZip.dll
Native extension for WindowsStandalone target not found
Refreshing native plugins compatible for Editor in 1.07 ms, found 2 plugins.
Preloading 0 native plugins for Editor in 0.00 ms.
Mono: successfully reloaded assembly
- Completed reload, in  1.836 seconds
Platform modules already initialized, skipping
Refreshing native plugins compatible for Editor in 1.15 ms, found 2 plugins.
Preloading 0 native plugins for Editor in 0.00 ms.
Unloading 3389 Unused Serialized files (Serialized files now loaded: 0)
System memory in use before: 133.3 MB.
System memory in use after: 133.4 MB.

Unloading 19 unused Assets to reduce memory usage. Loaded Objects now: 3932.
Total: 8.438457 ms (FindLiveObjects: 1.228308 ms CreateObjectMapping: 1.120338 ms MarkObjects: 5.820503 ms  DeleteObjects: 0.264792 ms)

========================================================================
Received Prepare
Registering precompiled user dll's ...
Registered in 0.004246 seconds.
Begin MonoManager ReloadAssembly
Symbol file LoadedFromMemory doesn't match image C:\Users\Jakub\Documents\UnityProjects\Match3Project\Library\PackageCache\com.unity.visualscripting@1.6.1\Editor\VisualScripting.Core\Dependencies\YamlDotNet\Unity.VisualScripting.YamlDotNet.dll
Symbol file LoadedFromMemory doesn't match image C:\Users\Jakub\Documents\UnityProjects\Match3Project\Library\PackageCache\com.unity.visualscripting@1.6.1\Editor\VisualScripting.Core\Dependencies\DotNetZip\Unity.VisualScripting.IonicZip.dll
Native extension for WindowsStandalone target not found
Refreshing native plugins compatible for Editor in 1.05 ms, found 2 plugins.
Preloading 0 native plugins for Editor in 0.00 ms.
Mono: successfully reloaded assembly
- Completed reload, in  1.874 seconds
Platform modules already initialized, skipping
Refreshing native plugins compatible for Editor in 1.29 ms, found 2 plugins.
Preloading 0 native plugins for Editor in 0.00 ms.
Unloading 3389 Unused Serialized files (Serialized files now loaded: 0)
System memory in use before: 133.3 MB.
System memory in use after: 133.4 MB.

Unloading 18 unused Assets to reduce memory usage. Loaded Objects now: 3936.
Total: 8.661375 ms (FindLiveObjects: 0.694618 ms CreateObjectMapping: 0.394109 ms MarkObjects: 7.269265 ms  DeleteObjects: 0.299687 ms)

========================================================================
Received Prepare
Registering precompiled user dll's ...
Registered in 0.006247 seconds.
Begin MonoManager ReloadAssembly
Symbol file LoadedFromMemory doesn't match image C:\Users\Jakub\Documents\UnityProjects\Match3Project\Library\PackageCache\com.unity.visualscripting@1.6.1\Editor\VisualScripting.Core\Dependencies\YamlDotNet\Unity.VisualScripting.YamlDotNet.dll
Symbol file LoadedFromMemory doesn't match image C:\Users\Jakub\Documents\UnityProjects\Match3Project\Library\PackageCache\com.unity.visualscripting@1.6.1\Editor\VisualScripting.Core\Dependencies\DotNetZip\Unity.VisualScripting.IonicZip.dll
Native extension for WindowsStandalone target not found
Refreshing native plugins compatible for Editor in 1.44 ms, found 2 plugins.
Preloading 0 native plugins for Editor in 0.00 ms.
Mono: successfully reloaded assembly
- Completed reload, in  2.091 seconds
Platform modules already initialized, skipping
Refreshing native plugins compatible for Editor in 2.19 ms, found 2 plugins.
Preloading 0 native plugins for Editor in 0.00 ms.
Unloading 3389 Unused Serialized files (Serialized files now loaded: 0)
System memory in use before: 133.3 MB.
System memory in use after: 133.4 MB.

Unloading 18 unused Assets to reduce memory usage. Loaded Objects now: 3940.
Total: 6.238423 ms (FindLiveObjects: 0.596090 ms CreateObjectMapping: 0.357162 ms MarkObjects: 5.048705 ms  DeleteObjects: 0.233592 ms)

========================================================================
Received Prepare
Registering precompiled user dll's ...
Registered in 0.004659 seconds.
Begin MonoManager ReloadAssembly
Symbol file LoadedFromMemory doesn't match image C:\Users\Jakub\Documents\UnityProjects\Match3Project\Library\PackageCache\com.unity.visualscripting@1.6.1\Editor\VisualScripting.Core\Dependencies\YamlDotNet\Unity.VisualScripting.YamlDotNet.dll
Symbol file LoadedFromMemory doesn't match image C:\Users\Jakub\Documents\UnityProjects\Match3Project\Library\PackageCache\com.unity.visualscripting@1.6.1\Editor\VisualScripting.Core\Dependencies\DotNetZip\Unity.VisualScripting.IonicZip.dll
Native extension for WindowsStandalone target not found
Refreshing native plugins compatible for Editor in 1.18 ms, found 2 plugins.
Preloading 0 native plugins for Editor in 0.00 ms.
Mono: successfully reloaded assembly
- Completed reload, in  1.923 seconds
Platform modules already initialized, skipping
Refreshing native plugins compatible for Editor in 1.22 ms, found 2 plugins.
Preloading 0 native plugins for Editor in 0.00 ms.
Unloading 3389 Unused Serialized files (Serialized files now loaded: 0)
System memory in use before: 133.3 MB.
System memory in use after: 133.4 MB.

Unloading 18 unused Assets to reduce memory usage. Loaded Objects now: 3944.
Total: 7.089864 ms (FindLiveObjects: 0.612922 ms CreateObjectMapping: 0.344435 ms MarkObjects: 5.941609 ms  DeleteObjects: 0.188023 ms)

========================================================================
Received Prepare
Registering precompiled user dll's ...
Registered in 0.004366 seconds.
Begin MonoManager ReloadAssembly
Symbol file LoadedFromMemory doesn't match image C:\Users\Jakub\Documents\UnityProjects\Match3Project\Library\PackageCache\com.unity.visualscripting@1.6.1\Editor\VisualScripting.Core\Dependencies\YamlDotNet\Unity.VisualScripting.YamlDotNet.dll
Symbol file LoadedFromMemory doesn't match image C:\Users\Jakub\Documents\UnityProjects\Match3Project\Library\PackageCache\com.unity.visualscripting@1.6.1\Editor\VisualScripting.Core\Dependencies\DotNetZip\Unity.VisualScripting.IonicZip.dll
Native extension for WindowsStandalone target not found
Refreshing native plugins compatible for Editor in 1.11 ms, found 2 plugins.
Preloading 0 native plugins for Editor in 0.00 ms.
Mono: successfully reloaded assembly
- Completed reload, in  1.768 seconds
Platform modules already initialized, skipping
Refreshing native plugins compatible for Editor in 1.02 ms, found 2 plugins.
Preloading 0 native plugins for Editor in 0.00 ms.
Unloading 3389 Unused Serialized files (Serialized files now loaded: 0)
System memory in use before: 133.3 MB.
System memory in use after: 133.4 MB.

Unloading 18 unused Assets to reduce memory usage. Loaded Objects now: 3948.
Total: 4.593837 ms (FindLiveObjects: 0.340330 ms CreateObjectMapping: 0.162981 ms MarkObjects: 3.918515 ms  DeleteObjects: 0.169139 ms)

========================================================================
Received Prepare
Registering precompiled user dll's ...
Registered in 0.004527 seconds.
Begin MonoManager ReloadAssembly
Symbol file LoadedFromMemory doesn't match image C:\Users\Jakub\Documents\UnityProjects\Match3Project\Library\PackageCache\com.unity.visualscripting@1.6.1\Editor\VisualScripting.Core\Dependencies\YamlDotNet\Unity.VisualScripting.YamlDotNet.dll
Symbol file LoadedFromMemory doesn't match image C:\Users\Jakub\Documents\UnityProjects\Match3Project\Library\PackageCache\com.unity.visualscripting@1.6.1\Editor\VisualScripting.Core\Dependencies\DotNetZip\Unity.VisualScripting.IonicZip.dll
Native extension for WindowsStandalone target not found
Refreshing native plugins compatible for Editor in 1.23 ms, found 2 plugins.
Preloading 0 native plugins for Editor in 0.00 ms.
Mono: successfully reloaded assembly
- Completed reload, in  2.072 seconds
Platform modules already initialized, skipping
Refreshing native plugins compatible for Editor in 1.48 ms, found 2 plugins.
Preloading 0 native plugins for Editor in 0.00 ms.
Unloading 3389 Unused Serialized files (Serialized files now loaded: 0)
System memory in use before: 133.3 MB.
System memory in use after: 133.4 MB.

Unloading 18 unused Assets to reduce memory usage. Loaded Objects now: 3952.
Total: 13.674364 ms (FindLiveObjects: 1.067790 ms CreateObjectMapping: 0.912199 ms MarkObjects: 11.271939 ms  DeleteObjects: 0.417099 ms)

========================================================================
Received Prepare
Registering precompiled user dll's ...
Registered in 0.004715 seconds.
Begin MonoManager ReloadAssembly
Symbol file LoadedFromMemory doesn't match image C:\Users\Jakub\Documents\UnityProjects\Match3Project\Library\PackageCache\com.unity.visualscripting@1.6.1\Editor\VisualScripting.Core\Dependencies\YamlDotNet\Unity.VisualScripting.YamlDotNet.dll
Symbol file LoadedFromMemory doesn't match image C:\Users\Jakub\Documents\UnityProjects\Match3Project\Library\PackageCache\com.unity.visualscripting@1.6.1\Editor\VisualScripting.Core\Dependencies\DotNetZip\Unity.VisualScripting.IonicZip.dll
Native extension for WindowsStandalone target not found
Refreshing native plugins compatible for Editor in 1.02 ms, found 2 plugins.
Preloading 0 native plugins for Editor in 0.00 ms.
Mono: successfully reloaded assembly
- Completed reload, in  1.751 seconds
Platform modules already initialized, skipping
Refreshing native plugins compatible for Editor in 1.09 ms, found 2 plugins.
Preloading 0 native plugins for Editor in 0.00 ms.
Unloading 3389 Unused Serialized files (Serialized files now loaded: 0)
System memory in use before: 133.4 MB.
System memory in use after: 133.5 MB.

Unloading 18 unused Assets to reduce memory usage. Loaded Objects now: 3956.
Total: 3.861451 ms (FindLiveObjects: 0.348130 ms CreateObjectMapping: 0.169549 ms MarkObjects: 3.191465 ms  DeleteObjects: 0.149433 ms)

========================================================================
Received Prepare
Registering precompiled user dll's ...
Registered in 0.006985 seconds.
Begin MonoManager ReloadAssembly
Symbol file LoadedFromMemory doesn't match image C:\Users\Jakub\Documents\UnityProjects\Match3Project\Library\PackageCache\com.unity.visualscripting@1.6.1\Editor\VisualScripting.Core\Dependencies\YamlDotNet\Unity.VisualScripting.YamlDotNet.dll
Symbol file LoadedFromMemory doesn't match image C:\Users\Jakub\Documents\UnityProjects\Match3Project\Library\PackageCache\com.unity.visualscripting@1.6.1\Editor\VisualScripting.Core\Dependencies\DotNetZip\Unity.VisualScripting.IonicZip.dll
Native extension for WindowsStandalone target not found
Refreshing native plugins compatible for Editor in 1.14 ms, found 2 plugins.
Preloading 0 native plugins for Editor in 0.00 ms.
Mono: successfully reloaded assembly
- Completed reload, in  1.884 seconds
Platform modules already initialized, skipping
Refreshing native plugins compatible for Editor in 1.66 ms, found 2 plugins.
Preloading 0 native plugins for Editor in 0.00 ms.
Unloading 3389 Unused Serialized files (Serialized files now loaded: 0)
System memory in use before: 133.4 MB.
System memory in use after: 133.5 MB.

Unloading 18 unused Assets to reduce memory usage. Loaded Objects now: 3960.
Total: 4.383646 ms (FindLiveObjects: 0.425310 ms CreateObjectMapping: 0.248371 ms MarkObjects: 3.511679 ms  DeleteObjects: 0.195823 ms)

========================================================================
Received Prepare
Registering precompiled user dll's ...
Registered in 0.004802 seconds.
Begin MonoManager ReloadAssembly
Symbol file LoadedFromMemory doesn't match image C:\Users\Jakub\Documents\UnityProjects\Match3Project\Library\PackageCache\com.unity.visualscripting@1.6.1\Editor\VisualScripting.Core\Dependencies\YamlDotNet\Unity.VisualScripting.YamlDotNet.dll
Symbol file LoadedFromMemory doesn't match image C:\Users\Jakub\Documents\UnityProjects\Match3Project\Library\PackageCache\com.unity.visualscripting@1.6.1\Editor\VisualScripting.Core\Dependencies\DotNetZip\Unity.VisualScripting.IonicZip.dll
Native extension for WindowsStandalone target not found
Refreshing native plugins compatible for Editor in 1.04 ms, found 2 plugins.
Preloading 0 native plugins for Editor in 0.00 ms.
Mono: successfully reloaded assembly
- Completed reload, in  1.587 seconds
Platform modules already initialized, skipping
Refreshing native plugins compatible for Editor in 1.02 ms, found 2 plugins.
Preloading 0 native plugins for Editor in 0.00 ms.
Unloading 3389 Unused Serialized files (Serialized files now loaded: 0)
System memory in use before: 133.4 MB.
System memory in use after: 133.5 MB.

Unloading 18 unused Assets to reduce memory usage. Loaded Objects now: 3964.
Total: 3.989126 ms (FindLiveObjects: 0.413815 ms CreateObjectMapping: 0.197055 ms MarkObjects: 3.218970 ms  DeleteObjects: 0.156823 ms)

========================================================================
Received Prepare
Registering precompiled user dll's ...
Registered in 0.004779 seconds.
Begin MonoManager ReloadAssembly
Symbol file LoadedFromMemory doesn't match image C:\Users\Jakub\Documents\UnityProjects\Match3Project\Library\PackageCache\com.unity.visualscripting@1.6.1\Editor\VisualScripting.Core\Dependencies\YamlDotNet\Unity.VisualScripting.YamlDotNet.dll
Symbol file LoadedFromMemory doesn't match image C:\Users\Jakub\Documents\UnityProjects\Match3Project\Library\PackageCache\com.unity.visualscripting@1.6.1\Editor\VisualScripting.Core\Dependencies\DotNetZip\Unity.VisualScripting.IonicZip.dll
Native extension for WindowsStandalone target not found
Refreshing native plugins compatible for Editor in 1.03 ms, found 2 plugins.
Preloading 0 native plugins for Editor in 0.00 ms.
Mono: successfully reloaded assembly
- Completed reload, in  1.595 seconds
Platform modules already initialized, skipping
Refreshing native plugins compatible for Editor in 1.07 ms, found 2 plugins.
Preloading 0 native plugins for Editor in 0.00 ms.
Unloading 3389 Unused Serialized files (Serialized files now loaded: 0)
System memory in use before: 133.4 MB.
System memory in use after: 133.5 MB.

Unloading 18 unused Assets to reduce memory usage. Loaded Objects now: 3968.
Total: 3.684102 ms (FindLiveObjects: 0.360856 ms CreateObjectMapping: 0.179812 ms MarkObjects: 2.988663 ms  DeleteObjects: 0.152307 ms)

========================================================================
Received Prepare
Registering precompiled user dll's ...
Registered in 0.008234 seconds.
Begin MonoManager ReloadAssembly
Symbol file LoadedFromMemory doesn't match image C:\Users\Jakub\Documents\UnityProjects\Match3Project\Library\PackageCache\com.unity.visualscripting@1.6.1\Editor\VisualScripting.Core\Dependencies\YamlDotNet\Unity.VisualScripting.YamlDotNet.dll
Symbol file LoadedFromMemory doesn't match image C:\Users\Jakub\Documents\UnityProjects\Match3Project\Library\PackageCache\com.unity.visualscripting@1.6.1\Editor\VisualScripting.Core\Dependencies\DotNetZip\Unity.VisualScripting.IonicZip.dll
Native extension for WindowsStandalone target not found
Refreshing native plugins compatible for Editor in 1.14 ms, found 2 plugins.
Preloading 0 native plugins for Editor in 0.00 ms.
Mono: successfully reloaded assembly
- Completed reload, in  2.163 seconds
Platform modules already initialized, skipping
Refreshing native plugins compatible for Editor in 1.23 ms, found 2 plugins.
Preloading 0 native plugins for Editor in 0.00 ms.
Unloading 3389 Unused Serialized files (Serialized files now loaded: 0)
System memory in use before: 133.4 MB.
System memory in use after: 133.5 MB.

Unloading 18 unused Assets to reduce memory usage. Loaded Objects now: 3972.
Total: 4.143896 ms (FindLiveObjects: 0.368656 ms CreateObjectMapping: 0.173654 ms MarkObjects: 3.440657 ms  DeleteObjects: 0.158465 ms)

========================================================================
Received Import Request.
  Time since last request: 2211.749169 seconds.
  path: Assets/ScriptableObjects/Gems/ScoreUI.cs
  artifactKey: Guid(3bf1853f6b0da34448799a8681c1c65a) Importer(815301076,1909f56bfc062723c751e8b465ee728b)
Start importing Assets/ScriptableObjects/Gems/ScoreUI.cs using Guid(3bf1853f6b0da34448799a8681c1c65a) Importer(815301076,1909f56bfc062723c751e8b465ee728b)  -> (artifact id: 'a79ebf822c82cdbdb83824218559ea12') in 0.018489 seconds 
========================================================================
Received Prepare
Registering precompiled user dll's ...
Registered in 0.006468 seconds.
Begin MonoManager ReloadAssembly
Symbol file LoadedFromMemory doesn't match image C:\Users\Jakub\Documents\UnityProjects\Match3Project\Library\PackageCache\com.unity.visualscripting@1.6.1\Editor\VisualScripting.Core\Dependencies\YamlDotNet\Unity.VisualScripting.YamlDotNet.dll
Symbol file LoadedFromMemory doesn't match image C:\Users\Jakub\Documents\UnityProjects\Match3Project\Library\PackageCache\com.unity.visualscripting@1.6.1\Editor\VisualScripting.Core\Dependencies\DotNetZip\Unity.VisualScripting.IonicZip.dll
Native extension for WindowsStandalone target not found
Refreshing native plugins compatible for Editor in 1.11 ms, found 2 plugins.
Preloading 0 native plugins for Editor in 0.00 ms.
Mono: successfully reloaded assembly
- Completed reload, in  1.858 seconds
Platform modules already initialized, skipping
Refreshing native plugins compatible for Editor in 1.50 ms, found 2 plugins.
Preloading 0 native plugins for Editor in 0.00 ms.
Unloading 3390 Unused Serialized files (Serialized files now loaded: 0)
System memory in use before: 133.4 MB.
System memory in use after: 133.5 MB.

Unloading 18 unused Assets to reduce memory usage. Loaded Objects now: 3977.
Total: 6.303287 ms (FindLiveObjects: 0.603480 ms CreateObjectMapping: 0.298456 ms MarkObjects: 5.160780 ms  DeleteObjects: 0.237287 ms)

========================================================================
Received Prepare
Registering precompiled user dll's ...
Registered in 0.006615 seconds.
Begin MonoManager ReloadAssembly
Symbol file LoadedFromMemory doesn't match image C:\Users\Jakub\Documents\UnityProjects\Match3Project\Library\PackageCache\com.unity.visualscripting@1.6.1\Editor\VisualScripting.Core\Dependencies\YamlDotNet\Unity.VisualScripting.YamlDotNet.dll
Symbol file LoadedFromMemory doesn't match image C:\Users\Jakub\Documents\UnityProjects\Match3Project\Library\PackageCache\com.unity.visualscripting@1.6.1\Editor\VisualScripting.Core\Dependencies\DotNetZip\Unity.VisualScripting.IonicZip.dll
Native extension for WindowsStandalone target not found
Refreshing native plugins compatible for Editor in 1.38 ms, found 2 plugins.
Preloading 0 native plugins for Editor in 0.00 ms.
Mono: successfully reloaded assembly
- Completed reload, in  1.954 seconds
Platform modules already initialized, skipping
Refreshing native plugins compatible for Editor in 1.93 ms, found 2 plugins.
Preloading 0 native plugins for Editor in 0.00 ms.
Unloading 3390 Unused Serialized files (Serialized files now loaded: 0)
System memory in use before: 133.4 MB.
System memory in use after: 133.5 MB.

Unloading 18 unused Assets to reduce memory usage. Loaded Objects now: 3981.
Total: 7.784071 ms (FindLiveObjects: 0.677375 ms CreateObjectMapping: 0.378509 ms MarkObjects: 6.422341 ms  DeleteObjects: 0.302151 ms)

========================================================================
Received Prepare
Registering precompiled user dll's ...
Registered in 0.006009 seconds.
Begin MonoManager ReloadAssembly
Symbol file LoadedFromMemory doesn't match image C:\Users\Jakub\Documents\UnityProjects\Match3Project\Library\PackageCache\com.unity.visualscripting@1.6.1\Editor\VisualScripting.Core\Dependencies\YamlDotNet\Unity.VisualScripting.YamlDotNet.dll
Symbol file LoadedFromMemory doesn't match image C:\Users\Jakub\Documents\UnityProjects\Match3Project\Library\PackageCache\com.unity.visualscripting@1.6.1\Editor\VisualScripting.Core\Dependencies\DotNetZip\Unity.VisualScripting.IonicZip.dll
Native extension for WindowsStandalone target not found
Refreshing native plugins compatible for Editor in 1.45 ms, found 2 plugins.
Preloading 0 native plugins for Editor in 0.00 ms.
Mono: successfully reloaded assembly
- Completed reload, in  1.896 seconds
Platform modules already initialized, skipping
Refreshing native plugins compatible for Editor in 1.35 ms, found 2 plugins.
Preloading 0 native plugins for Editor in 0.00 ms.
Unloading 3390 Unused Serialized files (Serialized files now loaded: 0)
System memory in use before: 133.4 MB.
System memory in use after: 133.5 MB.

Unloading 18 unused Assets to reduce memory usage. Loaded Objects now: 3985.
Total: 6.264697 ms (FindLiveObjects: 0.406836 ms CreateObjectMapping: 0.227844 ms MarkObjects: 5.363582 ms  DeleteObjects: 0.263561 ms)

========================================================================
Received Prepare
Registering precompiled user dll's ...
Registered in 0.005337 seconds.
Begin MonoManager ReloadAssembly
Symbol file LoadedFromMemory doesn't match image C:\Users\Jakub\Documents\UnityProjects\Match3Project\Library\PackageCache\com.unity.visualscripting@1.6.1\Editor\VisualScripting.Core\Dependencies\YamlDotNet\Unity.VisualScripting.YamlDotNet.dll
Symbol file LoadedFromMemory doesn't match image C:\Users\Jakub\Documents\UnityProjects\Match3Project\Library\PackageCache\com.unity.visualscripting@1.6.1\Editor\VisualScripting.Core\Dependencies\DotNetZip\Unity.VisualScripting.IonicZip.dll
Native extension for WindowsStandalone target not found
Refreshing native plugins compatible for Editor in 1.87 ms, found 2 plugins.
Preloading 0 native plugins for Editor in 0.00 ms.
Mono: successfully reloaded assembly
- Completed reload, in  2.166 seconds
Platform modules already initialized, skipping
Refreshing native plugins compatible for Editor in 1.50 ms, found 2 plugins.
Preloading 0 native plugins for Editor in 0.00 ms.
Unloading 3390 Unused Serialized files (Serialized files now loaded: 0)
System memory in use before: 133.4 MB.
System memory in use after: 133.5 MB.

Unloading 18 unused Assets to reduce memory usage. Loaded Objects now: 3989.
Total: 4.442762 ms (FindLiveObjects: 0.379330 ms CreateObjectMapping: 0.224150 ms MarkObjects: 3.667270 ms  DeleteObjects: 0.169960 ms)

========================================================================
Received Prepare
Registering precompiled user dll's ...
Registered in 0.004224 seconds.
Begin MonoManager ReloadAssembly
Symbol file LoadedFromMemory doesn't match image C:\Users\Jakub\Documents\UnityProjects\Match3Project\Library\PackageCache\com.unity.visualscripting@1.6.1\Editor\VisualScripting.Core\Dependencies\YamlDotNet\Unity.VisualScripting.YamlDotNet.dll
Symbol file LoadedFromMemory doesn't match image C:\Users\Jakub\Documents\UnityProjects\Match3Project\Library\PackageCache\com.unity.visualscripting@1.6.1\Editor\VisualScripting.Core\Dependencies\DotNetZip\Unity.VisualScripting.IonicZip.dll
Native extension for WindowsStandalone target not found
Refreshing native plugins compatible for Editor in 1.50 ms, found 2 plugins.
Preloading 0 native plugins for Editor in 0.00 ms.
Mono: successfully reloaded assembly
- Completed reload, in  1.902 seconds
Platform modules already initialized, skipping
Refreshing native plugins compatible for Editor in 1.22 ms, found 2 plugins.
Preloading 0 native plugins for Editor in 0.00 ms.
Unloading 3390 Unused Serialized files (Serialized files now loaded: 0)
System memory in use before: 133.5 MB.
System memory in use after: 133.6 MB.

Unloading 18 unused Assets to reduce memory usage. Loaded Objects now: 3993.
Total: 5.172686 ms (FindLiveObjects: 0.805051 ms CreateObjectMapping: 0.348540 ms MarkObjects: 3.794534 ms  DeleteObjects: 0.221276 ms)

========================================================================
Received Prepare
Registering precompiled user dll's ...
Registered in 0.005270 seconds.
Begin MonoManager ReloadAssembly
Symbol file LoadedFromMemory doesn't match image C:\Users\Jakub\Documents\UnityProjects\Match3Project\Library\PackageCache\com.unity.visualscripting@1.6.1\Editor\VisualScripting.Core\Dependencies\YamlDotNet\Unity.VisualScripting.YamlDotNet.dll
Symbol file LoadedFromMemory doesn't match image C:\Users\Jakub\Documents\UnityProjects\Match3Project\Library\PackageCache\com.unity.visualscripting@1.6.1\Editor\VisualScripting.Core\Dependencies\DotNetZip\Unity.VisualScripting.IonicZip.dll
Native extension for WindowsStandalone target not found
Refreshing native plugins compatible for Editor in 1.21 ms, found 2 plugins.
Preloading 0 native plugins for Editor in 0.00 ms.
Mono: successfully reloaded assembly
- Completed reload, in  1.785 seconds
Platform modules already initialized, skipping
Refreshing native plugins compatible for Editor in 1.04 ms, found 2 plugins.
Preloading 0 native plugins for Editor in 0.00 ms.
Unloading 3390 Unused Serialized files (Serialized files now loaded: 0)
System memory in use before: 133.5 MB.
System memory in use after: 133.6 MB.

Unloading 18 unused Assets to reduce memory usage. Loaded Objects now: 3997.
Total: 4.508858 ms (FindLiveObjects: 0.395752 ms CreateObjectMapping: 0.176939 ms MarkObjects: 3.776060 ms  DeleteObjects: 0.156823 ms)

========================================================================
Received Prepare
Registering precompiled user dll's ...
Registered in 0.004264 seconds.
Begin MonoManager ReloadAssembly
Symbol file LoadedFromMemory doesn't match image C:\Users\Jakub\Documents\UnityProjects\Match3Project\Library\PackageCache\com.unity.visualscripting@1.6.1\Editor\VisualScripting.Core\Dependencies\YamlDotNet\Unity.VisualScripting.YamlDotNet.dll
Symbol file LoadedFromMemory doesn't match image C:\Users\Jakub\Documents\UnityProjects\Match3Project\Library\PackageCache\com.unity.visualscripting@1.6.1\Editor\VisualScripting.Core\Dependencies\DotNetZip\Unity.VisualScripting.IonicZip.dll
Native extension for WindowsStandalone target not found
Refreshing native plugins compatible for Editor in 1.31 ms, found 2 plugins.
Preloading 0 native plugins for Editor in 0.00 ms.
Mono: successfully reloaded assembly
- Completed reload, in  1.914 seconds
Platform modules already initialized, skipping
Refreshing native plugins compatible for Editor in 1.17 ms, found 2 plugins.
Preloading 0 native plugins for Editor in 0.00 ms.
Unloading 3390 Unused Serialized files (Serialized files now loaded: 0)
System memory in use before: 133.5 MB.
System memory in use after: 133.6 MB.

Unloading 18 unused Assets to reduce memory usage. Loaded Objects now: 4001.
Total: 7.050453 ms (FindLiveObjects: 0.808335 ms CreateObjectMapping: 0.520553 ms MarkObjects: 5.348803 ms  DeleteObjects: 0.369478 ms)

========================================================================
Received Prepare
Registering precompiled user dll's ...
Registered in 0.015766 seconds.
Begin MonoManager ReloadAssembly
Symbol file LoadedFromMemory doesn't match image C:\Users\Jakub\Documents\UnityProjects\Match3Project\Library\PackageCache\com.unity.visualscripting@1.6.1\Editor\VisualScripting.Core\Dependencies\YamlDotNet\Unity.VisualScripting.YamlDotNet.dll
Symbol file LoadedFromMemory doesn't match image C:\Users\Jakub\Documents\UnityProjects\Match3Project\Library\PackageCache\com.unity.visualscripting@1.6.1\Editor\VisualScripting.Core\Dependencies\DotNetZip\Unity.VisualScripting.IonicZip.dll
Native extension for WindowsStandalone target not found
Refreshing native plugins compatible for Editor in 1.02 ms, found 2 plugins.
Preloading 0 native plugins for Editor in 0.00 ms.
Mono: successfully reloaded assembly
- Completed reload, in  1.671 seconds
Platform modules already initialized, skipping
Refreshing native plugins compatible for Editor in 1.13 ms, found 2 plugins.
Preloading 0 native plugins for Editor in 0.00 ms.
Unloading 3390 Unused Serialized files (Serialized files now loaded: 0)
System memory in use before: 133.5 MB.
System memory in use after: 133.6 MB.

Unloading 18 unused Assets to reduce memory usage. Loaded Objects now: 4005.
Total: 4.057274 ms (FindLiveObjects: 0.360856 ms CreateObjectMapping: 0.176118 ms MarkObjects: 3.365119 ms  DeleteObjects: 0.153538 ms)

========================================================================
Received Prepare
Registering precompiled user dll's ...
Registered in 0.007089 seconds.
Begin MonoManager ReloadAssembly
Symbol file LoadedFromMemory doesn't match image C:\Users\Jakub\Documents\UnityProjects\Match3Project\Library\PackageCache\com.unity.visualscripting@1.6.1\Editor\VisualScripting.Core\Dependencies\YamlDotNet\Unity.VisualScripting.YamlDotNet.dll
Symbol file LoadedFromMemory doesn't match image C:\Users\Jakub\Documents\UnityProjects\Match3Project\Library\PackageCache\com.unity.visualscripting@1.6.1\Editor\VisualScripting.Core\Dependencies\DotNetZip\Unity.VisualScripting.IonicZip.dll
Native extension for WindowsStandalone target not found
Refreshing native plugins compatible for Editor in 1.10 ms, found 2 plugins.
Preloading 0 native plugins for Editor in 0.00 ms.
Mono: successfully reloaded assembly
- Completed reload, in  1.807 seconds
Platform modules already initialized, skipping
Refreshing native plugins compatible for Editor in 1.08 ms, found 2 plugins.
Preloading 0 native plugins for Editor in 0.00 ms.
Unloading 3390 Unused Serialized files (Serialized files now loaded: 0)
System memory in use before: 133.5 MB.
System memory in use after: 133.6 MB.

Unloading 18 unused Assets to reduce memory usage. Loaded Objects now: 4009.
Total: 4.275266 ms (FindLiveObjects: 0.358804 ms CreateObjectMapping: 0.195823 ms MarkObjects: 3.559711 ms  DeleteObjects: 0.159286 ms)

========================================================================
Received Prepare
Registering precompiled user dll's ...
Registered in 0.004180 seconds.
Begin MonoManager ReloadAssembly
Symbol file LoadedFromMemory doesn't match image C:\Users\Jakub\Documents\UnityProjects\Match3Project\Library\PackageCache\com.unity.visualscripting@1.6.1\Editor\VisualScripting.Core\Dependencies\YamlDotNet\Unity.VisualScripting.YamlDotNet.dll
Symbol file LoadedFromMemory doesn't match image C:\Users\Jakub\Documents\UnityProjects\Match3Project\Library\PackageCache\com.unity.visualscripting@1.6.1\Editor\VisualScripting.Core\Dependencies\DotNetZip\Unity.VisualScripting.IonicZip.dll
Native extension for WindowsStandalone target not found
Refreshing native plugins compatible for Editor in 1.11 ms, found 2 plugins.
Preloading 0 native plugins for Editor in 0.00 ms.
Mono: successfully reloaded assembly
- Completed reload, in  1.883 seconds
Platform modules already initialized, skipping
Refreshing native plugins compatible for Editor in 1.73 ms, found 2 plugins.
Preloading 0 native plugins for Editor in 0.00 ms.
Unloading 3390 Unused Serialized files (Serialized files now loaded: 0)
System memory in use before: 133.5 MB.
System memory in use after: 133.6 MB.

Unloading 18 unused Assets to reduce memory usage. Loaded Objects now: 4013.
Total: 4.039211 ms (FindLiveObjects: 0.371530 ms CreateObjectMapping: 0.188434 ms MarkObjects: 3.317498 ms  DeleteObjects: 0.159286 ms)

========================================================================
Received Prepare
Registering precompiled user dll's ...
Registered in 0.006224 seconds.
Begin MonoManager ReloadAssembly
Symbol file LoadedFromMemory doesn't match image C:\Users\Jakub\Documents\UnityProjects\Match3Project\Library\PackageCache\com.unity.visualscripting@1.6.1\Editor\VisualScripting.Core\Dependencies\YamlDotNet\Unity.VisualScripting.YamlDotNet.dll
Symbol file LoadedFromMemory doesn't match image C:\Users\Jakub\Documents\UnityProjects\Match3Project\Library\PackageCache\com.unity.visualscripting@1.6.1\Editor\VisualScripting.Core\Dependencies\DotNetZip\Unity.VisualScripting.IonicZip.dll
Native extension for WindowsStandalone target not found
Refreshing native plugins compatible for Editor in 1.25 ms, found 2 plugins.
Preloading 0 native plugins for Editor in 0.00 ms.
Mono: successfully reloaded assembly
- Completed reload, in  1.861 seconds
Platform modules already initialized, skipping
Refreshing native plugins compatible for Editor in 8.18 ms, found 2 plugins.
Preloading 0 native plugins for Editor in 0.00 ms.
Unloading 3390 Unused Serialized files (Serialized files now loaded: 0)
System memory in use before: 133.5 MB.
System memory in use after: 133.6 MB.

Unloading 18 unused Assets to reduce memory usage. Loaded Objects now: 4017.
Total: 28.262569 ms (FindLiveObjects: 6.001547 ms CreateObjectMapping: 5.077853 ms MarkObjects: 16.891282 ms  DeleteObjects: 0.289014 ms)

========================================================================
Received Prepare
Registering precompiled user dll's ...
Registered in 0.006733 seconds.
Begin MonoManager ReloadAssembly
Symbol file LoadedFromMemory doesn't match image C:\Users\Jakub\Documents\UnityProjects\Match3Project\Library\PackageCache\com.unity.visualscripting@1.6.1\Editor\VisualScripting.Core\Dependencies\YamlDotNet\Unity.VisualScripting.YamlDotNet.dll
Symbol file LoadedFromMemory doesn't match image C:\Users\Jakub\Documents\UnityProjects\Match3Project\Library\PackageCache\com.unity.visualscripting@1.6.1\Editor\VisualScripting.Core\Dependencies\DotNetZip\Unity.VisualScripting.IonicZip.dll
Native extension for WindowsStandalone target not found
Refreshing native plugins compatible for Editor in 1.16 ms, found 2 plugins.
Preloading 0 native plugins for Editor in 0.00 ms.
Mono: successfully reloaded assembly
- Completed reload, in  1.917 seconds
Platform modules already initialized, skipping
Refreshing native plugins compatible for Editor in 1.61 ms, found 2 plugins.
Preloading 0 native plugins for Editor in 0.00 ms.
Unloading 3390 Unused Serialized files (Serialized files now loaded: 0)
System memory in use before: 133.5 MB.
System memory in use after: 133.6 MB.

Unloading 18 unused Assets to reduce memory usage. Loaded Objects now: 4021.
Total: 14.747901 ms (FindLiveObjects: 1.449994 ms CreateObjectMapping: 3.049832 ms MarkObjects: 9.841650 ms  DeleteObjects: 0.393699 ms)

========================================================================
Received Prepare
Registering precompiled user dll's ...
Registered in 0.006640 seconds.
Begin MonoManager ReloadAssembly
Symbol file LoadedFromMemory doesn't match image C:\Users\Jakub\Documents\UnityProjects\Match3Project\Library\PackageCache\com.unity.visualscripting@1.6.1\Editor\VisualScripting.Core\Dependencies\YamlDotNet\Unity.VisualScripting.YamlDotNet.dll
Symbol file LoadedFromMemory doesn't match image C:\Users\Jakub\Documents\UnityProjects\Match3Project\Library\PackageCache\com.unity.visualscripting@1.6.1\Editor\VisualScripting.Core\Dependencies\DotNetZip\Unity.VisualScripting.IonicZip.dll
Native extension for WindowsStandalone target not found
Refreshing native plugins compatible for Editor in 1.43 ms, found 2 plugins.
Preloading 0 native plugins for Editor in 0.00 ms.
Mono: successfully reloaded assembly
- Completed reload, in  2.450 seconds
Platform modules already initialized, skipping
Refreshing native plugins compatible for Editor in 1.13 ms, found 2 plugins.
Preloading 0 native plugins for Editor in 0.00 ms.
Unloading 3390 Unused Serialized files (Serialized files now loaded: 0)
System memory in use before: 133.5 MB.
System memory in use after: 133.6 MB.

Unloading 18 unused Assets to reduce memory usage. Loaded Objects now: 4025.
Total: 4.800334 ms (FindLiveObjects: 0.369478 ms CreateObjectMapping: 0.178170 ms MarkObjects: 4.102843 ms  DeleteObjects: 0.146970 ms)

========================================================================
Received Prepare
Refreshing native plugins compatible for Editor in 5.25 ms, found 2 plugins.
Preloading 0 native plugins for Editor in 0.00 ms.
Unloading 16 Unused Serialized files (Serialized files now loaded: 0)
System memory in use before: 66.8 MB.
System memory in use after: 66.9 MB.

Unloading 16 unused Assets to reduce memory usage. Loaded Objects now: 4025.
Total: 4.581932 ms (FindLiveObjects: 0.474573 ms CreateObjectMapping: 0.205676 ms MarkObjects: 3.691081 ms  DeleteObjects: 0.208139 ms)

========================================================================
Received Prepare
Refreshing native plugins compatible for Editor in 4.68 ms, found 2 plugins.
Preloading 0 native plugins for Editor in 0.00 ms.
Unloading 16 Unused Serialized files (Serialized files now loaded: 0)
System memory in use before: 66.8 MB.
System memory in use after: 66.9 MB.

Unloading 16 unused Assets to reduce memory usage. Loaded Objects now: 4025.
Total: 4.949767 ms (FindLiveObjects: 0.428183 ms CreateObjectMapping: 0.175297 ms MarkObjects: 4.177149 ms  DeleteObjects: 0.165854 ms)

========================================================================
Received Prepare
Registering precompiled user dll's ...
Registered in 0.004218 seconds.
Begin MonoManager ReloadAssembly
Symbol file LoadedFromMemory doesn't match image C:\Users\Jakub\Documents\UnityProjects\Match3Project\Library\PackageCache\com.unity.visualscripting@1.6.1\Editor\VisualScripting.Core\Dependencies\YamlDotNet\Unity.VisualScripting.YamlDotNet.dll
Symbol file LoadedFromMemory doesn't match image C:\Users\Jakub\Documents\UnityProjects\Match3Project\Library\PackageCache\com.unity.visualscripting@1.6.1\Editor\VisualScripting.Core\Dependencies\DotNetZip\Unity.VisualScripting.IonicZip.dll
Native extension for WindowsStandalone target not found
Refreshing native plugins compatible for Editor in 1.29 ms, found 2 plugins.
Preloading 0 native plugins for Editor in 0.00 ms.
Mono: successfully reloaded assembly
- Completed reload, in  2.332 seconds
Platform modules already initialized, skipping
Refreshing native plugins compatible for Editor in 1.86 ms, found 2 plugins.
Preloading 0 native plugins for Editor in 0.00 ms.
Unloading 3390 Unused Serialized files (Serialized files now loaded: 0)
System memory in use before: 133.6 MB.
System memory in use after: 133.7 MB.

Unloading 18 unused Assets to reduce memory usage. Loaded Objects now: 4029.
Total: 9.063284 ms (FindLiveObjects: 0.702007 ms CreateObjectMapping: 0.514395 ms MarkObjects: 7.590711 ms  DeleteObjects: 0.252887 ms)

========================================================================
Received Prepare
Registering precompiled user dll's ...
Registered in 0.004785 seconds.
Begin MonoManager ReloadAssembly
Symbol file LoadedFromMemory doesn't match image C:\Users\Jakub\Documents\UnityProjects\Match3Project\Library\PackageCache\com.unity.visualscripting@1.6.1\Editor\VisualScripting.Core\Dependencies\YamlDotNet\Unity.VisualScripting.YamlDotNet.dll
Symbol file LoadedFromMemory doesn't match image C:\Users\Jakub\Documents\UnityProjects\Match3Project\Library\PackageCache\com.unity.visualscripting@1.6.1\Editor\VisualScripting.Core\Dependencies\DotNetZip\Unity.VisualScripting.IonicZip.dll
Native extension for WindowsStandalone target not found
Refreshing native plugins compatible for Editor in 1.11 ms, found 2 plugins.
Preloading 0 native plugins for Editor in 0.00 ms.
Mono: successfully reloaded assembly
- Completed reload, in  1.884 seconds
Platform modules already initialized, skipping
Refreshing native plugins compatible for Editor in 1.50 ms, found 2 plugins.
Preloading 0 native plugins for Editor in 0.00 ms.
Unloading 3390 Unused Serialized files (Serialized files now loaded: 0)
System memory in use before: 133.6 MB.
System memory in use after: 133.7 MB.

Unloading 18 unused Assets to reduce memory usage. Loaded Objects now: 4033.
Total: 5.306108 ms (FindLiveObjects: 0.657259 ms CreateObjectMapping: 0.387541 ms MarkObjects: 4.100380 ms  DeleteObjects: 0.156823 ms)

========================================================================
Received Prepare
Refreshing native plugins compatible for Editor in 4.72 ms, found 2 plugins.
Preloading 0 native plugins for Editor in 0.00 ms.
Unloading 16 Unused Serialized files (Serialized files now loaded: 0)
System memory in use before: 66.8 MB.
System memory in use after: 66.9 MB.

Unloading 16 unused Assets to reduce memory usage. Loaded Objects now: 4033.
Total: 5.427625 ms (FindLiveObjects: 0.516037 ms CreateObjectMapping: 0.194592 ms MarkObjects: 4.517068 ms  DeleteObjects: 0.196644 ms)

========================================================================
Received Prepare
Refreshing native plugins compatible for Editor in 5.42 ms, found 2 plugins.
Preloading 0 native plugins for Editor in 0.00 ms.
Unloading 16 Unused Serialized files (Serialized files now loaded: 0)
System memory in use before: 66.8 MB.
System memory in use after: 66.9 MB.

Unloading 16 unused Assets to reduce memory usage. Loaded Objects now: 4033.
Total: 5.477299 ms (FindLiveObjects: 0.720892 ms CreateObjectMapping: 0.486479 ms MarkObjects: 4.086832 ms  DeleteObjects: 0.178991 ms)

========================================================================
Received Prepare
Refreshing native plugins compatible for Editor in 4.40 ms, found 2 plugins.
Preloading 0 native plugins for Editor in 0.00 ms.
Unloading 16 Unused Serialized files (Serialized files now loaded: 0)
System memory in use before: 66.8 MB.
System memory in use after: 66.9 MB.

Unloading 16 unused Assets to reduce memory usage. Loaded Objects now: 4033.
Total: 4.848366 ms (FindLiveObjects: 0.403552 ms CreateObjectMapping: 0.171602 ms MarkObjects: 4.043316 ms  DeleteObjects: 0.226202 ms)

